IQ-TREE multicore version 2.2.2.7 COVID-edition for Linux 64-bit built May 31 2023
Developed by Bui Quang Minh, James Barbetti, Nguyen Lam Tung,
Olga Chernomor, Heiko Schmidt, Dominik Schrempf, Michael Woodhams, Ly Trong Nhan.

Host:    sandra (AVX512, FMA3, 15 GB RAM)
Command: iqtree2 -s ../../../01_inp_data/LUCAdup_244sp_aln.phy -g LUCAdup_topo.tree -nt AUTO -m LG+C20+F+G -pre BLE_LUCA_DUP_NOTYRTRP
Seed:    743294 (Using SPRNG - Scalable Parallel Random Number Generator)
Time:    Mon Feb  5 13:31:51 2024
Kernel:  AVX+FMA - auto-detect threads (8 CPU cores detected)

Reading alignment file ../../../01_inp_data/LUCAdup_244sp_aln.phy ... Phylip format detected
Alignment most likely contains protein sequences
Constructing alignment: done in 0.0266929 secs using 734.3% CPU
WARNING: 1 sites contain only gaps or ambiguous characters.
Alignment has 244 sequences with 1519 columns, 1510 distinct patterns
1415 parsimony-informative, 46 singleton sites, 58 constant sites
                                          Gap/Ambiguity  Composition  p-value
Analyzing sequences: done in 0.012804 secs using 680.3% CPU
   1  Acidobacterium_capsulatum_1                38.31%    failed      3.77%
   2  Acidobacterium_capsulatum_2                10.99%    passed     10.65%
   3  Actinomadura_madurae_1                     13.50%    failed      0.33%
   4  Actinomadura_madurae_2                     11.32%    failed      0.00%
   5  Aeropyrum_pernix_1                         35.35%    failed      0.01%
   6  Aeropyrum_pernix_2                         36.08%    failed      0.01%
   7  Agaricus_bisporus_1                        44.11%    passed     75.44%
   8  Agaricus_bisporus_2                        38.64%    failed      1.48%
   9  Agaricus_bisporus_mito_1                   60.63%    passed     35.69%
  10  Agaricus_bisporus_mito_2                   41.74%    passed     77.01%
  11  Amphimedon_queenslandica_1                 45.16%    passed     31.85%
  12  Amphimedon_queenslandica_2                 38.71%    failed      3.65%
  13  Amphimedon_queenslandica_mito_1            60.63%    passed     36.14%
  14  Amphimedon_queenslandica_mito_2            41.80%    passed     17.72%
  15  Aquifex_aeolicus_1                         23.04%    failed      0.31%
  16  Arabidopsis_thaliana_1                     61.16%    passed     71.91%
  17  Arabidopsis_thaliana_2                     54.64%    passed     13.04%
  18  Arabidopsis_thaliana_chloro_1              85.32%    passed     44.56%
  19  Arabidopsis_thaliana_mito_1                85.32%    passed     91.60%
  20  Arabidopsis_thaliana_mito_2                41.67%    passed     35.63%
  21  Archaeoglobus_fulgidus_1                   60.70%    passed     29.01%
  22  Archaeoglobus_fulgidus_2                   22.78%    failed      0.15%
  23  Bathycoccus_prasinos_1                     60.04%    passed     22.87%
  24  Bathycoccus_prasinos_2                     38.64%    failed      1.65%
  25  Bathycoccus_prasinos_chloro_1              85.32%    passed     25.75%
  26  Bathycoccus_prasinos_chloro_2              25.94%    passed     59.21%
  27  Bathycoccus_prasinos_mito_1                85.32%    passed     86.81%
  28  Bathycoccus_prasinos_mito_2                26.86%    passed     11.86%
  29  Batrachochytrium_dendrobatidis_1           44.96%    passed     39.10%
  30  Batrachochytrium_dendrobatidis_2           38.71%    failed      2.17%
  31  Batrachochytrium_dendrobatidis_mito_1      62.74%    passed     48.12%
  32  Batrachochytrium_dendrobatidis_mito_2      41.74%    passed     56.57%
  33  Bodo_saltans_1                             35.15%    failed      0.08%
  34  Bodo_saltans_2                             38.64%    passed      5.92%
  35  Bodo_saltans_mito_2                        40.75%    passed      5.82%
  36  Caldiarchaeum_subterraneum_1               45.56%    passed      7.18%
  37  Caldiarchaeum_subterraneum_2                5.00%    failed      0.48%
  38  Caldisericum_exile_1                       38.97%    failed      0.21%
  39  Caldisericum_exile_2                       35.48%    failed      0.03%
  40  Caldithrix_abyssi_1                        13.89%    failed      2.09%
  41  Caldithrix_abyssi_2                        11.19%    passed     12.03%
  42  Caldivirga_maquilingensis_1                11.06%    failed      0.44%
  43  Caldivirga_maquilingensis_2                21.00%    failed      1.33%
  44  Campylobacter_jejuni_1                     61.22%    passed     26.55%
  45  Campylobacter_jejuni_2                     27.19%    failed      0.85%
  46  Cenarchaeum_symbiosum_1                    31.40%    passed     33.32%
  47  Cenarchaeum_symbiosum_2                     7.44%    passed     10.30%
  48  Chlamydia_trachomatis_1                    60.76%    passed     66.32%
  49  Chlamydia_trachomatis_2                    51.42%    failed      2.43%
  50  Chlamydomonas_reinhardtii_1                75.84%    passed     84.68%
  51  Chlamydomonas_reinhardtii_2                85.45%    passed      7.16%
  52  Chlamydomonas_reinhardtii_chloro_1         85.32%    passed     23.79%
  53  Chlamydomonas_reinhardtii_chloro_2         66.95%    failed      0.02%
  54  Chlamydomonas_reinhardtii_mito_1           85.19%    passed     39.09%
  55  Chlamydomonas_reinhardtii_mito_2           37.72%    passed     51.87%
  56  Chlorobium_phaeovibrioides_1               14.09%    passed     48.47%
  57  Chlorobium_phaeovibrioides_2               11.26%    passed     52.42%
  58  Chloroflexus_1                             60.76%    failed      1.73%
  59  Chloroflexus_2                             27.12%    passed     12.06%
  60  Chlorogloeopsis_fritschii_1                13.89%    passed      6.76%
  61  Chlorogloeopsis_fritschii_2                11.19%    passed     95.09%
  62  Chondrus_crispus_1                         75.38%    passed     52.40%
  63  Chondrus_crispus_2                         54.64%    passed     11.69%
  64  Chondrus_crispus_chloro_1                  85.32%    passed     70.54%
  65  Chondrus_crispus_chloro_2                  46.54%    passed     80.22%
  66  Chondrus_crispus_mito_2                    27.19%    passed     84.28%
  67  Chthonomonas_calidirosea_2                 11.06%    failed      4.66%
  68  Cloacimonas_acidaminovorans_1              69.32%    passed     18.16%
  69  Cloacimonas_acidaminovorans_2              69.45%    passed     37.64%
  70  Clostridium_acetobutylicum_1               60.76%    passed     17.78%
  71  Clostridium_acetobutylicum_2               27.12%    passed     30.65%
  72  Cyanidioschyzon_merolae_1                  11.06%    failed      0.04%
  73  Cyanidioschyzon_merolae_2                  38.78%    failed      0.12%
  74  Cyanidioschyzon_merolae_chloro_1           60.76%    passed      6.74%
  75  Cyanidioschyzon_merolae_chloro_2           26.00%    passed     24.83%
  76  Cyanidioschyzon_merolae_mito_1             75.38%    failed      4.02%
  77  Cyanidioschyzon_merolae_mito_2             26.99%    failed      0.85%
  78  Cyanobium_gracile_1                        13.69%    failed      0.00%
  79  Cyanobium_gracile_2                        11.19%    failed      0.14%
  80  Cyanophora_paradoxa_1                      70.38%    passed      6.71%
  81  Cyanophora_paradoxa_2                      71.63%    failed      3.46%
  82  Cylindrospermopsis_raciborskii_1           13.76%    failed      2.34%
  83  Cylindrospermopsis_raciborskii_2           11.19%    passed     77.80%
  84  Desulfurispirillum_indicum_2               35.48%    passed     58.60%
  85  Dictyoglomus_turgidum_1                    60.76%    passed     12.76%
  86  Dictyoglomus_turgidum_2                    35.62%    failed      0.04%
  87  Dictyostelium_discoideum_1                 60.83%    passed     49.25%
  88  Dictyostelium_discoideum_2                 54.64%    failed      1.62%
  89  Dictyostelium_discoideum_mito_1            85.32%    passed     61.69%
  90  Dictyostelium_discoideum_mito_2            41.28%    passed     43.25%
  91  Ectocarpus_siliculosus_1                   75.91%    passed     77.86%
  92  Ectocarpus_siliculosus_2                   54.44%    failed      0.99%
  93  Ectocarpus_siliculosus_chloro_1            85.32%    passed     76.09%
  94  Ectocarpus_siliculosus_mito_2              26.93%    passed     46.70%
  95  Elphidium_margaritaceum_1                  25.61%    failed      2.26%
  96  Elphidium_margaritaceum_2                  38.51%    passed      7.71%
  97  Elphidium_margaritaceum_mito_2             41.21%    failed      0.00%
  98  Elusimicrobium_minutum_1                   29.49%    passed     36.98%
  99  Elusimicrobium_minutum_2                   27.12%    passed     73.59%
 100  Fibrobacter_succinogenes_1                 38.51%    failed      0.18%
 101  Fibrobacter_succinogenes_2                 35.35%    passed     28.07%
 102  Galdieria_sulphuraria_1                    52.27%    passed     66.57%
 103  Galdieria_sulphuraria_2                    38.71%    passed      7.60%
 104  Galdieria_sulphuraria_chloro_1             60.76%    failed      1.14%
 105  Galdieria_sulphuraria_chloro_2             41.74%    passed      9.72%
 106  Galdieria_sulphuraria_mito_1               60.57%    passed     15.61%
 107  Galdieria_sulphuraria_mito_2               27.06%    passed     90.46%
 108  Gemmatimonas_aurantiaca_2                  11.06%    failed      4.89%
 109  Gloeobacter_violaceus_1                    13.89%    passed     11.91%
 110  Gloeobacter_violaceus_2                    11.19%    failed      4.21%
 111  Haloarcula_marismortui_1                   85.32%    passed     24.39%
 112  Haloarcula_marismortui_2                   51.28%    failed      0.00%
 113  Heimdallarchaeota_archaeon_AB_125_1        10.86%    failed      1.00%
 114  Heimdallarchaeota_archaeon_AB_125_2         5.00%    passed     18.52%
 115  Heimdallarchaeota_archaeon_LC_2_1          26.14%    failed      1.86%
 116  Heimdallarchaeota_archaeon_LC_2_2          53.39%    passed     20.89%
 117  Heimdallarchaeota_archaeon_LC_3_1          11.39%    failed      0.08%
 118  Heimdallarchaeota_archaeon_LC_3_2           4.74%    failed      0.00%
 119  Homo_sapiens_1                             61.09%    passed     86.05%
 120  Homo_sapiens_2                             54.64%    failed      0.99%
 121  Homo_sapiens_mito_1                        60.63%    passed     49.14%
 122  Homo_sapiens_mito_2                        42.73%    passed     44.93%
 123  Hydra_vulgaris_1                           45.23%    passed      6.63%
 124  Hydra_vulgaris_2                           38.64%    failed      0.29%
 125  Hydra_vulgaris_mito_1                      60.63%    passed     35.71%
 126  Hydra_vulgaris_mito_2                      41.74%    passed     45.17%
 127  Hyperthermus_butylicus_1                   11.13%    passed     13.18%
 128  Hyperthermus_butylicus_2                    4.87%    failed      0.01%
 129  Ignicoccus_hospitalis_1                    10.99%    failed      2.02%
 130  Ignicoccus_hospitalis_2                     4.81%    failed      0.00%
 131  Jidaibacter_acanthamoeba_1                 21.00%    passed      6.19%
 132  Jidaibacter_acanthamoeba_2                 44.96%    failed      1.79%
 133  Jonquetella_anthropi_1                     14.22%    passed     45.38%
 134  Jonquetella_anthropi_2                     11.39%    passed      6.02%
 135  Korarchaeum_cryptofilum_1                  60.90%    passed     28.14%
 136  Korarchaeum_cryptofilum_2                  21.26%    failed      0.47%
 137  Kosmotoga_olearia_1                        14.61%    failed      1.24%
 138  Kosmotoga_olearia_2                        11.26%    passed     36.78%
 139  Latescibacteria_bacterium_1                28.04%    passed     38.45%
 140  Latescibacteria_bacterium_2                28.77%    passed     88.65%
 141  Leishmania_major_1                         69.32%    failed      0.59%
 142  Leishmania_major_2                         38.64%    failed      1.55%
 143  Leishmania_major_mito_2                    41.41%    passed     26.75%
 144  Lentisphaera_araneosa_1                    14.15%    passed     74.90%
 145  Lentisphaera_araneosa_2                    70.97%    passed     35.29%
 146  Leptolyngbya_valderiana_1                  44.83%    failed      0.76%
 147  Limulus_polyphemus_1                       61.22%    failed      0.75%
 148  Limulus_polyphemus_2                       38.71%    failed      0.31%
 149  Limulus_polyphemus_mito_1                  77.09%    passed     26.93%
 150  Limulus_polyphemus_mito_2                  42.92%    passed     72.97%
 151  Lokiarchaeum_sp._GC14_75_1                 67.22%    failed      2.60%
 152  Lokiarchaeum_sp._GC14_75_2                 54.44%    failed      0.02%
 153  Melainabacteria_bacterium_1                29.30%    passed     15.87%
 154  Melainabacteria_bacterium_2                25.87%    passed     17.50%
 155  Methanocaldococcus_jannaschii_1            61.16%    passed     40.17%
 156  Methanocaldococcus_jannaschii_2            21.40%    failed      0.19%
 157  Methanomassiliicoccus_luminyensis_1        11.52%    passed     93.23%
 158  Methanomassiliicoccus_luminyensis_2         5.13%    passed     92.31%
 159  Methanopyrus_kandleri_1                    11.26%    failed      0.00%
 160  Methanopyrus_kandleri_2                     5.27%    failed      0.00%
 161  Methanosarcina_mazei_1                     11.39%    passed     95.22%
 162  Methanosarcina_mazei_2                      5.53%    passed     82.48%
 163  Methanothermobacter_thermautotrophicus_1   11.39%    failed      0.66%
 164  Methanothermobacter_thermautotrophicus_2    5.40%    passed     19.55%
 165  Nitrosoarchaeum_limnia_1                   45.23%    passed     23.27%
 166  Nitrosoarchaeum_limnia_2                    4.87%    failed      0.67%
 167  Nitrosopumilus_maritimus_1                 61.16%    passed     80.50%
 168  Nitrosopumilus_maritimus_2                 35.55%    failed      0.09%
 169  Odinarchaeota_archaeon_LCB_4_1             11.45%    passed      5.49%
 170  Odinarchaeota_archaeon_LCB_4_2              4.81%    failed      0.00%
 171  Oryza_sativa_1                             45.16%    passed     59.88%
 172  Oryza_sativa_2                             38.71%    failed      4.66%
 173  Oryza_sativa_chloro_1                      60.76%    passed      7.02%
 174  Oryza_sativa_chloro_2                      59.78%    passed     31.56%
 175  Oryza_sativa_mito_1                        85.32%    passed     75.53%
 176  Oryza_sativa_mito_2                        27.19%    passed     67.26%
 177  Oscillochloris_trichoides_1                10.99%    passed     19.69%
 178  Oscillochloris_trichoides_2                11.13%    passed     61.87%
 179  Paramecium_tetraurelia_1                   61.36%    passed     49.21%
 180  Paramecium_tetraurelia_2                   85.45%    passed     22.32%
 181  Physcomitrella_patens_1                    45.16%    passed     62.13%
 182  Physcomitrella_patens_2                    50.10%    passed     78.57%
 183  Physcomitrella_patens_chloro_1             67.35%    failed      0.07%
 184  Physcomitrella_patens_chloro_2             26.07%    passed     38.64%
 185  Physcomitrella_patens_mito_1               60.50%    passed      6.10%
 186  Physcomitrella_patens_mito_2               27.12%    passed     66.40%
 187  Phytophthora_ramorum_mito_1                75.18%    passed     28.14%
 188  Polysphondylium_pallidum_1                 11.19%    passed      5.06%
 189  Polysphondylium_pallidum_2                 38.71%    passed     20.16%
 190  Polysphondylium_pallidum_mito_1            85.32%    passed     76.58%
 191  Polysphondylium_pallidum_mito_2            41.08%    passed     54.55%
 192  Pseudanabaena_biceps_1                     44.77%    failed      0.13%
 193  Pseudanabaena_biceps_2                     11.19%    passed     97.03%
 194  Pyrobaculum_aerophilum_1                   75.58%    passed     12.05%
 195  Pyrobaculum_aerophilum_2                   35.35%    failed      0.00%
 196  Pyrococcus_furiosus_1                      61.09%    passed     28.67%
 197  Pyrococcus_furiosus_2                      21.07%    failed      0.64%
 198  Reticulomyxa_filosa_1                      74.46%    passed     27.28%
 199  Reticulomyxa_filosa_2                      53.26%    passed     50.95%
 200  Reticulomyxa_filosa_mito_2                 76.30%    failed      0.28%
 201  Rhodopirellula_baltica_1                   60.63%    passed     18.17%
 202  Rhodopirellula_baltica_2                   26.93%    passed     36.24%
 203  Rhodopseudomonas_palustris_1               60.50%    passed     38.86%
 204  Rhodopseudomonas_palustris_2               26.99%    passed     69.67%
 205  Rickettsia_bellii_1                        39.57%    failed      0.62%
 206  Rickettsia_bellii_2                        44.96%    failed      2.85%
 207  Roseobacter_litoralis_1                    12.84%    failed      2.00%
 208  Roseobacter_litoralis_2                    11.19%    passed     13.97%
 209  Saccharomyces_cerevisiae_1                 60.50%    passed     71.97%
 210  Saccharomyces_cerevisiae_2                 69.19%    passed     37.62%
 211  Saccharomyces_cerevisiae_mito_2            41.47%    passed     69.85%
 212  Sphingopyxis_alaskensis_1                  12.71%    failed      0.04%
 213  Sphingopyxis_alaskensis_2                  10.93%    failed      1.17%
 214  Staphylothermus_marinus_1                  11.45%    failed      0.04%
 215  Staphylothermus_marinus_2                   5.20%    failed      0.11%
 216  Sulfolobus_solfataricus_1                  61.16%    passed     70.35%
 217  Synechocystis_sp._PCC_6803_1               60.76%    failed      4.89%
 218  Synechocystis_sp._PCC_6803_2               27.12%    passed     71.99%
 219  Thalassiosira_pseudonana_1                 59.25%    passed      6.68%
 220  Thalassiosira_pseudonana_2                 38.58%    failed      4.30%
 221  Thalassiosira_pseudonana_chloro_1          60.76%    failed      2.47%
 222  Thalassiosira_pseudonana_chloro_2          51.42%    passed     62.13%
 223  Thalassiosira_pseudonana_mito_1            75.31%    passed     16.83%
 224  Thalassiosira_pseudonana_mito_2            26.60%    passed     40.94%
 225  Thermodesulfatator_indicus_1               13.50%    passed     13.97%
 226  Thermodesulfatator_indicus_2               11.19%    passed     56.83%
 227  Thermodesulfovibrio_islandicus_1           13.63%    passed     13.40%
 228  Thermodesulfovibrio_islandicus_2           11.19%    passed     18.53%
 229  Thermofilum_pendens_1                      11.45%    failed      0.06%
 230  Thermofilum_pendens_2                       5.13%    failed      0.03%
 231  Thermoplasma_volcanium_1                   12.57%    failed      1.00%
 232  Thermoplasma_volcanium_2                    5.33%    failed      0.02%
 233  Thorarchaeota_archaeon_AB_25_1             25.61%    passed     69.84%
 234  Thorarchaeota_archaeon_AB_25_2              5.66%    passed     53.78%
 235  Thorarchaeota_archaeon_SMTZ1-45_1          60.83%    passed     48.15%
 236  Thorarchaeota_archaeon_SMTZ1-45_2          51.42%    passed     34.98%
 237  Treponema_pallidum_2                       85.45%    passed     57.72%
 238  Verrucomicrobium_spinosum_1                15.01%    passed     29.75%
 239  Volvox_carteri_1                           59.84%    passed     95.47%
 240  Volvox_carteri_2                           38.71%    passed     14.43%
 241  Volvox_carteri_chloro_1                    60.70%    passed      8.59%
 242  Volvox_carteri_chloro_2                    51.15%    passed     10.35%
 243  Volvox_carteri_mito_1                      60.50%    failed      1.92%
 244  Volvox_carteri_mito_2                      26.53%    passed     21.10%
WARNING: 88 sequences contain more than 50% gaps/ambiguity
****  TOTAL                                      39.67%  88 sequences failed composition chi2 test (p-value<5%; df=19)
Reading constraint tree LUCAdup_topo.tree...
WARNING: Rooted constraint tree will be treated as unrooted tree
Checking for duplicate sequences: done in 0.00103211 secs using 656.3% CPU
Creating fast initial parsimony tree by random order stepwise addition...
WARNING: Constraint tree has all taxa and is bifurcating, which strictly enforces final tree!
5.215 seconds, parsimony score: 0 (based on 1461 sites)
Model LG+C20+F+G is alias for LG+POISSON+G+FMIX{C20pi1:1:0.0559910600,C20pi2:1:0.0514824870,C20pi3:1:0.0812922124,C20pi4:1:0.0721976867,C20pi5:1:0.0556718858,C20pi6:1:0.0331003080,C20pi7:1:0.0589501763,C20pi8:1:0.0263756889,C20pi9:1:0.0307584220,C20pi10:1:0.0376701125,C20pi11:1:0.0303058290,C20pi12:1:0.0808775576,C20pi13:1:0.0263349134,C20pi14:1:0.0579101455,C20pi15:1:0.0371248064,C20pi16:1:0.0586867766,C20pi17:1:0.0561479138,C20pi18:1:0.0349810886,C20pi19:1:0.0544937394,C20pi20:1:0.0596471901}+F+G

NOTE: 4851 MB RAM (4 GB) is required!
Measuring multi-threading efficiency up to 8 CPU cores
2 trees examined
Threads: 1 / Time: 48.806 sec / Speedup: 1.000 / Efficiency: 100% / LogL: -239372
Threads: 2 / Time: 28.183 sec / Speedup: 1.732 / Efficiency: 87% / LogL: -239372
Threads: 3 / Time: 22.418 sec / Speedup: 2.177 / Efficiency: 73% / LogL: -239372
Threads: 4 / Time: 21.594 sec / Speedup: 2.260 / Efficiency: 57% / LogL: -239372
Threads: 5 / Time: 19.844 sec / Speedup: 2.460 / Efficiency: 49% / LogL: -239372
Determining AUTO threadcount: done in 140.898 secs using 252.2% CPU
BEST NUMBER OF THREADS: 3

Estimate model parameters (epsilon = 0.100)
1. Initial log-likelihood: -246731.947
2. Current log-likelihood: -237427.084
3. Current log-likelihood: -237067.673
4. Current log-likelihood: -237027.941
5. Current log-likelihood: -237023.018
6. Current log-likelihood: -237021.660
7. Current log-likelihood: -237021.023
8. Current log-likelihood: -237020.702
9. Current log-likelihood: -237020.506
10. Current log-likelihood: -237020.326
11. Current log-likelihood: -237020.161
12. Current log-likelihood: -237020.007
13. Current log-likelihood: -237019.863
14. Current log-likelihood: -237019.728
15. Current log-likelihood: -237019.601
16. Current log-likelihood: -237019.482
17. Current log-likelihood: -237019.368
18. Current log-likelihood: -237019.261
19. Current log-likelihood: -237019.159
Optimal log-likelihood: -237019.046
Mixture weights: 0.327 0.017 0.075 0.012 0.015 0.005 0.033 0.020 0.133 0.048 0.016 0.039 0.027 0.082 0.019 0.012 0.012 0.041 0.055 0.012 0.000
Gamma shape alpha: 1.170
Parameters optimization took 19 rounds (722.585 sec)
Wrote distance file to... 
--------------------------------------------------------------------
|             INITIALIZING CANDIDATE TREE SET                      |
--------------------------------------------------------------------
Generating 99 parsimony trees... WARNING: Constraint tree has all taxa and is bifurcating, which strictly enforces final tree!
WARNING: Constraint tree has all taxa and is bifurcating, which strictly enforces final tree!
WARNING: Constraint tree has all taxa and is bifurcating, which strictly enforces final tree!
WARNING: Constraint tree has all taxa and is bifurcating, which strictly enforces final tree!
WARNING: Constraint tree has all taxa and is bifurcating, which strictly enforces final tree!
WARNING: Constraint tree has all taxa and is bifurcating, which strictly enforces final tree!
WARNING: Constraint tree has all taxa and is bifurcating, which strictly enforces final tree!
WARNING: Constraint tree has all taxa and is bifurcating, which strictly enforces final tree!
WARNING: Constraint tree has all taxa and is bifurcating, which strictly enforces final tree!
WARNING: Constraint tree has all taxa and is bifurcating, which strictly enforces final tree!
WARNING: Constraint tree has all taxa and is bifurcating, which strictly enforces final tree!
WARNING: Constraint tree has all taxa and is bifurcating, which strictly enforces final tree!
WARNING: Constraint tree has all taxa and is bifurcating, which strictly enforces final tree!
WARNING: Constraint tree has all taxa and is bifurcating, which strictly enforces final tree!
WARNING: Constraint tree has all taxa and is bifurcating, which strictly enforces final tree!
WARNING: Constraint tree has all taxa and is bifurcating, which strictly enforces final tree!
WARNING: Constraint tree has all taxa and is bifurcating, which strictly enforces final tree!
WARNING: Constraint tree has all taxa and is bifurcating, which strictly enforces final tree!
WARNING: Constraint tree has all taxa and is bifurcating, which strictly enforces final tree!
WARNING: Constraint tree has all taxa and is bifurcating, which strictly enforces final tree!
WARNING: Constraint tree has all taxa and is bifurcating, which strictly enforces final tree!
WARNING: Constraint tree has all taxa and is bifurcating, which strictly enforces final tree!
WARNING: Constraint tree has all taxa and is bifurcating, which strictly enforces final tree!
WARNING: Constraint tree has all taxa and is bifurcating, which strictly enforces final tree!
WARNING: Constraint tree has all taxa and is bifurcating, which strictly enforces final tree!
WARNING: Constraint tree has all taxa and is bifurcating, which strictly enforces final tree!
WARNING: Constraint tree has all taxa and is bifurcating, which strictly enforces final tree!
WARNING: Constraint tree has all taxa and is bifurcating, which strictly enforces final tree!
WARNING: Constraint tree has all taxa and is bifurcating, which strictly enforces final tree!
WARNING: Constraint tree has all taxa and is bifurcating, which strictly enforces final tree!
WARNING: Constraint tree has all taxa and is bifurcating, which strictly enforces final tree!
WARNING: Constraint tree has all taxa and is bifurcating, which strictly enforces final tree!
WARNING: Constraint tree has all taxa and is bifurcating, which strictly enforces final tree!
WARNING: Constraint tree has all taxa and is bifurcating, which strictly enforces final tree!
WARNING: Constraint tree has all taxa and is bifurcating, which strictly enforces final tree!
WARNING: Constraint tree has all taxa and is bifurcating, which strictly enforces final tree!
WARNING: Constraint tree has all taxa and is bifurcating, which strictly enforces final tree!
WARNING: Constraint tree has all taxa and is bifurcating, which strictly enforces final tree!
WARNING: Constraint tree has all taxa and is bifurcating, which strictly enforces final tree!
WARNING: Constraint tree has all taxa and is bifurcating, which strictly enforces final tree!
WARNING: Constraint tree has all taxa and is bifurcating, which strictly enforces final tree!
WARNING: Constraint tree has all taxa and is bifurcating, which strictly enforces final tree!
WARNING: Constraint tree has all taxa and is bifurcating, which strictly enforces final tree!
WARNING: Constraint tree has all taxa and is bifurcating, which strictly enforces final tree!
WARNING: Constraint tree has all taxa and is bifurcating, which strictly enforces final tree!
WARNING: Constraint tree has all taxa and is bifurcating, which strictly enforces final tree!
WARNING: Constraint tree has all taxa and is bifurcating, which strictly enforces final tree!
WARNING: Constraint tree has all taxa and is bifurcating, which strictly enforces final tree!
WARNING: Constraint tree has all taxa and is bifurcating, which strictly enforces final tree!
WARNING: Constraint tree has all taxa and is bifurcating, which strictly enforces final tree!
WARNING: Constraint tree has all taxa and is bifurcating, which strictly enforces final tree!
WARNING: Constraint tree has all taxa and is bifurcating, which strictly enforces final tree!
WARNING: Constraint tree has all taxa and is bifurcating, which strictly enforces final tree!
WARNING: Constraint tree has all taxa and is bifurcating, which strictly enforces final tree!
WARNING: Constraint tree has all taxa and is bifurcating, which strictly enforces final tree!
WARNING: Constraint tree has all taxa and is bifurcating, which strictly enforces final tree!
WARNING: Constraint tree has all taxa and is bifurcating, which strictly enforces final tree!
WARNING: Constraint tree has all taxa and is bifurcating, which strictly enforces final tree!
WARNING: Constraint tree has all taxa and is bifurcating, which strictly enforces final tree!
WARNING: Constraint tree has all taxa and is bifurcating, which strictly enforces final tree!
WARNING: Constraint tree has all taxa and is bifurcating, which strictly enforces final tree!
WARNING: Constraint tree has all taxa and is bifurcating, which strictly enforces final tree!
WARNING: Constraint tree has all taxa and is bifurcating, which strictly enforces final tree!
WARNING: Constraint tree has all taxa and is bifurcating, which strictly enforces final tree!
WARNING: Constraint tree has all taxa and is bifurcating, which strictly enforces final tree!
WARNING: Constraint tree has all taxa and is bifurcating, which strictly enforces final tree!
WARNING: Constraint tree has all taxa and is bifurcating, which strictly enforces final tree!
WARNING: Constraint tree has all taxa and is bifurcating, which strictly enforces final tree!
WARNING: Constraint tree has all taxa and is bifurcating, which strictly enforces final tree!
WARNING: Constraint tree has all taxa and is bifurcating, which strictly enforces final tree!
WARNING: Constraint tree has all taxa and is bifurcating, which strictly enforces final tree!
WARNING: Constraint tree has all taxa and is bifurcating, which strictly enforces final tree!
WARNING: Constraint tree has all taxa and is bifurcating, which strictly enforces final tree!
WARNING: Constraint tree has all taxa and is bifurcating, which strictly enforces final tree!
WARNING: Constraint tree has all taxa and is bifurcating, which strictly enforces final tree!
WARNING: Constraint tree has all taxa and is bifurcating, which strictly enforces final tree!
WARNING: Constraint tree has all taxa and is bifurcating, which strictly enforces final tree!
WARNING: Constraint tree has all taxa and is bifurcating, which strictly enforces final tree!
WARNING: Constraint tree has all taxa and is bifurcating, which strictly enforces final tree!
WARNING: Constraint tree has all taxa and is bifurcating, which strictly enforces final tree!
WARNING: Constraint tree has all taxa and is bifurcating, which strictly enforces final tree!
WARNING: Constraint tree has all taxa and is bifurcating, which strictly enforces final tree!
WARNING: Constraint tree has all taxa and is bifurcating, which strictly enforces final tree!
WARNING: Constraint tree has all taxa and is bifurcating, which strictly enforces final tree!
WARNING: Constraint tree has all taxa and is bifurcating, which strictly enforces final tree!
WARNING: Constraint tree has all taxa and is bifurcating, which strictly enforces final tree!
WARNING: Constraint tree has all taxa and is bifurcating, which strictly enforces final tree!
WARNING: Constraint tree has all taxa and is bifurcating, which strictly enforces final tree!
WARNING: Constraint tree has all taxa and is bifurcating, which strictly enforces final tree!
WARNING: Constraint tree has all taxa and is bifurcating, which strictly enforces final tree!
WARNING: Constraint tree has all taxa and is bifurcating, which strictly enforces final tree!
WARNING: Constraint tree has all taxa and is bifurcating, which strictly enforces final tree!
WARNING: Constraint tree has all taxa and is bifurcating, which strictly enforces final tree!
WARNING: Constraint tree has all taxa and is bifurcating, which strictly enforces final tree!
WARNING: Constraint tree has all taxa and is bifurcating, which strictly enforces final tree!
WARNING: Constraint tree has all taxa and is bifurcating, which strictly enforces final tree!
WARNING: Constraint tree has all taxa and is bifurcating, which strictly enforces final tree!
WARNING: Constraint tree has all taxa and is bifurcating, which strictly enforces final tree!
WARNING: Constraint tree has all taxa and is bifurcating, which strictly enforces final tree!
WARNING: Constraint tree has all taxa and is bifurcating, which strictly enforces final tree!
WARNING: Constraint tree has all taxa and is bifurcating, which strictly enforces final tree!
WARNING: Constraint tree has all taxa and is bifurcating, which strictly enforces final tree!
WARNING: Constraint tree has all taxa and is bifurcating, which strictly enforces final tree!
WARNING: Constraint tree has all taxa and is bifurcating, which strictly enforces final tree!
WARNING: Constraint tree has all taxa and is bifurcating, which strictly enforces final tree!
WARNING: Constraint tree has all taxa and is bifurcating, which strictly enforces final tree!
WARNING: Constraint tree has all taxa and is bifurcating, which strictly enforces final tree!
WARNING: Constraint tree has all taxa and is bifurcating, which strictly enforces final tree!
WARNING: Constraint tree has all taxa and is bifurcating, which strictly enforces final tree!
WARNING: Constraint tree has all taxa and is bifurcating, which strictly enforces final tree!
WARNING: Constraint tree has all taxa and is bifurcating, which strictly enforces final tree!
WARNING: Constraint tree has all taxa and is bifurcating, which strictly enforces final tree!
WARNING: Constraint tree has all taxa and is bifurcating, which strictly enforces final tree!
WARNING: Constraint tree has all taxa and is bifurcating, which strictly enforces final tree!
WARNING: Constraint tree has all taxa and is bifurcating, which strictly enforces final tree!
WARNING: Constraint tree has all taxa and is bifurcating, which strictly enforces final tree!
WARNING: Constraint tree has all taxa and is bifurcating, which strictly enforces final tree!
WARNING: Constraint tree has all taxa and is bifurcating, which strictly enforces final tree!
WARNING: Constraint tree has all taxa and is bifurcating, which strictly enforces final tree!
WARNING: Constraint tree has all taxa and is bifurcating, which strictly enforces final tree!
WARNING: Constraint tree has all taxa and is bifurcating, which strictly enforces final tree!
WARNING: Constraint tree has all taxa and is bifurcating, which strictly enforces final tree!
WARNING: Constraint tree has all taxa and is bifurcating, which strictly enforces final tree!
WARNING: Constraint tree has all taxa and is bifurcating, which strictly enforces final tree!
WARNING: Constraint tree has all taxa and is bifurcating, which strictly enforces final tree!
WARNING: Constraint tree has all taxa and is bifurcating, which strictly enforces final tree!
WARNING: Constraint tree has all taxa and is bifurcating, which strictly enforces final tree!
WARNING: Constraint tree has all taxa and is bifurcating, which strictly enforces final tree!
WARNING: Constraint tree has all taxa and is bifurcating, which strictly enforces final tree!
WARNING: Constraint tree has all taxa and is bifurcating, which strictly enforces final tree!
8.036 second
Current best score: -237019.046

Do NNI search on 1 best initial trees
Optimizing NNI: done in 0.0425909 secs using 300% CPU
Finish initializing candidate tree set (1)
Current best tree score: -237019.046 / CPU time: 14.721
Number of iterations: 1
--------------------------------------------------------------------
|               OPTIMIZING CANDIDATE TREE SET                      |
--------------------------------------------------------------------
Optimizing NNI: done in 0.0253892 secs using 303.3% CPU
Optimizing NNI: done in 0.0935569 secs using 299.4% CPU
Optimizing NNI: done in 0.036432 secs using 287.6% CPU
Optimizing NNI: done in 0.0289831 secs using 301.8% CPU
Optimizing NNI: done in 0.047195 secs using 277.8% CPU
Optimizing NNI: done in 0.0619771 secs using 285.8% CPU
Optimizing NNI: done in 0.0403199 secs using 310.2% CPU
Optimizing NNI: done in 0.0293899 secs using 268.8% CPU
Optimizing NNI: done in 0.029495 secs using 296.1% CPU
Iteration 10 / LogL: -237019.046 / Time: 0h:15m:16s
Optimizing NNI: done in 0.0278542 secs using 257% CPU
Optimizing NNI: done in 0.030236 secs using 300.6% CPU
Optimizing NNI: done in 0.0492148 secs using 317.8% CPU
Optimizing NNI: done in 0.0396662 secs using 301.5% CPU
Optimizing NNI: done in 0.035665 secs using 290.9% CPU
Optimizing NNI: done in 0.0352108 secs using 264.5% CPU
Optimizing NNI: done in 0.0220771 secs using 302.1% CPU
Optimizing NNI: done in 0.0327811 secs using 300% CPU
Optimizing NNI: done in 0.025481 secs using 301.9% CPU
Optimizing NNI: done in 0.026412 secs using 300% CPU
Iteration 20 / LogL: -237019.046 / Time: 0h:15m:47s
Optimizing NNI: done in 0.0325289 secs using 290.6% CPU
Optimizing NNI: done in 0.029247 secs using 307.4% CPU
Optimizing NNI: done in 0.032583 secs using 302.8% CPU
Optimizing NNI: done in 0.0259681 secs using 296.2% CPU
Optimizing NNI: done in 0.039237 secs using 292.4% CPU
Optimizing NNI: done in 0.02633 secs using 302.7% CPU
Optimizing NNI: done in 0.043313 secs using 273% CPU
Optimizing NNI: done in 0.027457 secs using 263% CPU
Optimizing NNI: done in 0.0362329 secs using 297.2% CPU
Optimizing NNI: done in 0.030009 secs using 302.1% CPU
Iteration 30 / LogL: -237019.046 / Time: 0h:16m:13s (0h:38m:57s left)
Optimizing NNI: done in 0.0247409 secs using 308.6% CPU
Optimizing NNI: done in 0.0337701 secs using 303% CPU
Optimizing NNI: done in 0.0267892 secs using 268.6% CPU
Optimizing NNI: done in 0.0288889 secs using 302.1% CPU
Optimizing NNI: done in 0.0315781 secs using 303.8% CPU
Optimizing NNI: done in 0.0226309 secs using 302.6% CPU
Optimizing NNI: done in 0.0221598 secs using 300% CPU
Optimizing NNI: done in 0.0164258 secs using 303.4% CPU
Optimizing NNI: done in 0.0245008 secs using 303.3% CPU
Optimizing NNI: done in 0.0278318 secs using 301.8% CPU
Iteration 40 / LogL: -237019.046 / Time: 0h:16m:38s (0h:25m:27s left)
Optimizing NNI: done in 0.02824 secs using 302.7% CPU
Optimizing NNI: done in 0.0308759 secs using 273.2% CPU
Optimizing NNI: done in 0.0547211 secs using 294.5% CPU
Optimizing NNI: done in 0.0511029 secs using 297.1% CPU
Optimizing NNI: done in 0.025811 secs using 302.7% CPU
Optimizing NNI: done in 0.0687289 secs using 288.8% CPU
Optimizing NNI: done in 0.0253639 secs using 301.8% CPU
Optimizing NNI: done in 0.034054 secs using 279.2% CPU
Optimizing NNI: done in 0.023669 secs using 303.1% CPU
Optimizing NNI: done in 0.028873 secs using 303.4% CPU
Iteration 50 / LogL: -237019.046 / Time: 0h:17m:15s (0h:17m:30s left)
Optimizing NNI: done in 0.043026 secs using 296.4% CPU
Optimizing NNI: done in 0.034586 secs using 315.2% CPU
Optimizing NNI: done in 0.026458 secs using 301.6% CPU
Optimizing NNI: done in 0.0286779 secs using 304% CPU
Optimizing NNI: done in 0.024667 secs using 300% CPU
Optimizing NNI: done in 0.0237958 secs using 305.3% CPU
Optimizing NNI: done in 0.0256751 secs using 263.6% CPU
Optimizing NNI: done in 0.0280361 secs using 302.4% CPU
Optimizing NNI: done in 0.0203719 secs using 303.9% CPU
Optimizing NNI: done in 0.0263059 secs using 328.1% CPU
Iteration 60 / LogL: -237019.046 / Time: 0h:17m:40s (0h:11m:55s left)
Optimizing NNI: done in 0.030962 secs using 300.6% CPU
Optimizing NNI: done in 0.0619571 secs using 268.8% CPU
Optimizing NNI: done in 0.024585 secs using 297.6% CPU
Optimizing NNI: done in 0.0553341 secs using 301.3% CPU
Optimizing NNI: done in 0.037986 secs using 288.7% CPU
Optimizing NNI: done in 0.0296171 secs using 300% CPU
Optimizing NNI: done in 0.039516 secs using 300% CPU
Optimizing NNI: done in 0.0282099 secs using 303.1% CPU
Optimizing NNI: done in 0.026336 secs using 300% CPU
Optimizing NNI: done in 0.0256991 secs using 302.9% CPU
Iteration 70 / LogL: -237019.046 / Time: 0h:18m:3s (0h:7m:48s left)
Optimizing NNI: done in 0.033277 secs using 302.7% CPU
Optimizing NNI: done in 0.0255539 secs using 303.2% CPU
Optimizing NNI: done in 0.0231419 secs using 262.6% CPU
Optimizing NNI: done in 0.0221 secs using 303.6% CPU
Optimizing NNI: done in 0.0236671 secs using 303.3% CPU
Optimizing NNI: done in 0.025461 secs using 302.9% CPU
Optimizing NNI: done in 0.028116 secs using 302.7% CPU
Optimizing NNI: done in 0.0321529 secs using 300% CPU
Optimizing NNI: done in 0.0238731 secs using 303.6% CPU
Optimizing NNI: done in 0.030463 secs using 300% CPU
Iteration 80 / LogL: -237019.046 / Time: 0h:18m:26s (0h:4m:38s left)
Optimizing NNI: done in 0.0294769 secs using 302.9% CPU
Optimizing NNI: done in 0.0315878 secs using 299.9% CPU
Optimizing NNI: done in 0.0233209 secs using 303.4% CPU
Optimizing NNI: done in 0.022126 secs using 303.8% CPU
Optimizing NNI: done in 0.0421031 secs using 295.4% CPU
Optimizing NNI: done in 0.0355449 secs using 302.2% CPU
Optimizing NNI: done in 0.0347049 secs using 301.9% CPU
Optimizing NNI: done in 0.0287662 secs using 302.7% CPU
Optimizing NNI: done in 0.033848 secs using 296.1% CPU
Optimizing NNI: done in 0.0253842 secs using 300% CPU
Iteration 90 / LogL: -237019.046 / Time: 0h:18m:53s (0h:2m:6s left)
Optimizing NNI: done in 0.0208671 secs using 311.1% CPU
Optimizing NNI: done in 0.0256259 secs using 300.1% CPU
Optimizing NNI: done in 0.022867 secs using 303.2% CPU
Optimizing NNI: done in 0.0265548 secs using 302.3% CPU
Optimizing NNI: done in 0.023689 secs using 302.1% CPU
Optimizing NNI: done in 0.024128 secs using 246.3% CPU
Optimizing NNI: done in 0.023077 secs using 299.3% CPU
Optimizing NNI: done in 0.032748 secs using 281.2% CPU
Optimizing NNI: done in 0.0176721 secs using 215.4% CPU
Optimizing NNI: done in 0.0248649 secs using 260.9% CPU
Iteration 100 / LogL: -237019.046 / Time: 0h:19m:15s (0h:0m:0s left)
Optimizing NNI: done in 0.0220549 secs using 281.2% CPU
TREE SEARCH COMPLETED AFTER 101 ITERATIONS / Time: 0h:19m:17s

--------------------------------------------------------------------
|                    FINALIZING TREE SEARCH                        |
--------------------------------------------------------------------
Performs final model parameters optimization
Estimate model parameters (epsilon = 0.010)
1. Initial log-likelihood: -237019.046
2. Current log-likelihood: -237018.943
3. Current log-likelihood: -237018.848
4. Current log-likelihood: -237018.767
5. Current log-likelihood: -237018.688
6. Current log-likelihood: -237018.613
7. Current log-likelihood: -237018.540
8. Current log-likelihood: -237018.469
9. Current log-likelihood: -237018.401
10. Current log-likelihood: -237018.335
11. Current log-likelihood: -237018.271
12. Current log-likelihood: -237018.209
13. Current log-likelihood: -237018.149
14. Current log-likelihood: -237018.090
15. Current log-likelihood: -237018.033
16. Current log-likelihood: -237017.978
17. Current log-likelihood: -237017.924
18. Current log-likelihood: -237017.872
19. Current log-likelihood: -237017.821
20. Current log-likelihood: -237017.771
21. Current log-likelihood: -237017.722
22. Current log-likelihood: -237017.674
23. Current log-likelihood: -237017.628
24. Current log-likelihood: -237017.583
25. Current log-likelihood: -237017.538
26. Current log-likelihood: -237017.494
27. Current log-likelihood: -237017.452
28. Current log-likelihood: -237017.410
29. Current log-likelihood: -237017.369
30. Current log-likelihood: -237017.329
31. Current log-likelihood: -237017.290
32. Current log-likelihood: -237017.251
33. Current log-likelihood: -237017.214
34. Current log-likelihood: -237017.177
35. Current log-likelihood: -237017.140
36. Current log-likelihood: -237017.105
37. Current log-likelihood: -237017.070
38. Current log-likelihood: -237017.036
39. Current log-likelihood: -237017.002
40. Current log-likelihood: -237016.969
41. Current log-likelihood: -237016.937
42. Current log-likelihood: -237016.905
43. Current log-likelihood: -237016.873
44. Current log-likelihood: -237016.843
45. Current log-likelihood: -237016.812
46. Current log-likelihood: -237016.783
47. Current log-likelihood: -237016.753
48. Current log-likelihood: -237016.725
49. Current log-likelihood: -237016.696
50. Current log-likelihood: -237016.668
51. Current log-likelihood: -237016.641
52. Current log-likelihood: -237016.614
53. Current log-likelihood: -237016.587
54. Current log-likelihood: -237016.561
55. Current log-likelihood: -237016.535
56. Current log-likelihood: -237016.510
57. Current log-likelihood: -237016.485
58. Current log-likelihood: -237016.460
59. Current log-likelihood: -237016.436
60. Current log-likelihood: -237016.412
61. Current log-likelihood: -237016.389
62. Current log-likelihood: -237016.365
63. Current log-likelihood: -237016.343
64. Current log-likelihood: -237016.320
65. Current log-likelihood: -237016.298
66. Current log-likelihood: -237016.276
67. Current log-likelihood: -237016.255
68. Current log-likelihood: -237016.233
69. Current log-likelihood: -237016.212
70. Current log-likelihood: -237016.192
71. Current log-likelihood: -237016.171
72. Current log-likelihood: -237016.151
73. Current log-likelihood: -237016.131
74. Current log-likelihood: -237016.112
75. Current log-likelihood: -237016.093
76. Current log-likelihood: -237016.074
77. Current log-likelihood: -237016.055
78. Current log-likelihood: -237016.036
79. Current log-likelihood: -237016.018
80. Current log-likelihood: -237016.000
81. Current log-likelihood: -237015.982
82. Current log-likelihood: -237015.965
83. Current log-likelihood: -237015.948
84. Current log-likelihood: -237015.930
85. Current log-likelihood: -237015.914
86. Current log-likelihood: -237015.897
87. Current log-likelihood: -237015.880
88. Current log-likelihood: -237015.864
89. Current log-likelihood: -237015.848
90. Current log-likelihood: -237015.832
91. Current log-likelihood: -237015.817
92. Current log-likelihood: -237015.801
93. Current log-likelihood: -237015.786
94. Current log-likelihood: -237015.771
95. Current log-likelihood: -237015.756
96. Current log-likelihood: -237015.741
97. Current log-likelihood: -237015.726
98. Current log-likelihood: -237015.712
99. Current log-likelihood: -237015.698
100. Current log-likelihood: -237015.683
101. Current log-likelihood: -237015.670
102. Current log-likelihood: -237015.656
103. Current log-likelihood: -237015.642
104. Current log-likelihood: -237015.629
105. Current log-likelihood: -237015.615
106. Current log-likelihood: -237015.602
107. Current log-likelihood: -237015.589
108. Current log-likelihood: -237015.577
109. Current log-likelihood: -237015.564
110. Current log-likelihood: -237015.551
111. Current log-likelihood: -237015.539
112. Current log-likelihood: -237015.527
113. Current log-likelihood: -237015.515
114. Current log-likelihood: -237015.503
115. Current log-likelihood: -237015.491
116. Current log-likelihood: -237015.479
117. Current log-likelihood: -237015.467
118. Current log-likelihood: -237015.456
119. Current log-likelihood: -237015.445
120. Current log-likelihood: -237015.433
121. Current log-likelihood: -237015.422
122. Current log-likelihood: -237015.411
123. Current log-likelihood: -237015.400
124. Current log-likelihood: -237015.390
125. Current log-likelihood: -237015.379
126. Current log-likelihood: -237015.369
127. Current log-likelihood: -237015.358
128. Current log-likelihood: -237015.348
129. Current log-likelihood: -237015.338
130. Current log-likelihood: -237015.328
Optimal log-likelihood: -237015.318
Mixture weights: 0.324 0.018 0.074 0.015 0.015 0.008 0.034 0.020 0.131 0.047 0.017 0.038 0.029 0.080 0.021 0.013 0.013 0.040 0.054 0.011 0.000
Gamma shape alpha: 1.173
Parameters optimization took 130 rounds (3110.228 sec)
BEST SCORE FOUND : -237015.318
Total tree length: 107.521

Total number of iterations: 101
CPU time used for tree search: 860.146 sec (0h:14m:20s)
Wall-clock time used for tree search: 288.575 sec (0h:4m:48s)
Total CPU time used: 12740.024 sec (3h:32m:20s)
Total wall-clock time used: 4267.927 sec (1h:11m:7s)

Analysis results written to: 
  IQ-TREE report:                BLE_LUCA_DUP_NOTYRTRP.iqtree
  Maximum-likelihood tree:       BLE_LUCA_DUP_NOTYRTRP.treefile
  Screen log file:               BLE_LUCA_DUP_NOTYRTRP.log

Date and Time: Mon Feb  5 14:43:00 2024
